[2021-09-02 10:33:08.012] [exthost] [info] extension host started
[2021-09-02 10:33:08.012] [exthost] [info] Skipping acquiring lock for /home/arsonstan/.config/Code/User/workspaceStorage/28245c015c3f99bafa95f6e61d841c3c.
[2021-09-02 10:33:08.078] [exthost] [info] ExtensionService#_doActivateExtension vscode.microsoft-authentication {"startup":false,"extensionId":{"value":"vscode.microsoft-authentication","_lower":"vscode.microsoft-authentication"},"activationEvent":"onAuthenticationRequest:microsoft"}
[2021-09-02 10:33:08.078] [exthost] [info] ExtensionService#loadCommonJSModule file:///opt/visual-studio-code/resources/app/extensions/microsoft-authentication/dist/extension.js
[2021-09-02 10:33:08.085] [exthost] [info] ExtensionService#_doActivateExtension ms-python.python {"startup":false,"extensionId":{"value":"ms-python.vscode-pylance","_lower":"ms-python.vscode-pylance"},"activationEvent":"onLanguage:python"}
[2021-09-02 10:33:08.085] [exthost] [info] ExtensionService#loadCommonJSModule file:///home/arsonstan/.vscode/extensions/ms-python.python-2021.8.1159798656/out/client/extension
[2021-09-02 10:33:08.142] [exthost] [info] ExtensionService#_doActivateExtension ms-toolsai.jupyter {"startup":false,"extensionId":{"value":"ms-toolsai.jupyter","_lower":"ms-toolsai.jupyter"},"activationEvent":"onLanguage:python"}
[2021-09-02 10:33:08.142] [exthost] [info] ExtensionService#loadCommonJSModule file:///home/arsonstan/.vscode/extensions/ms-toolsai.jupyter-2021.8.1236758218/out/client/extension
[2021-09-02 10:33:08.345] [exthost] [info] ExtensionService#_doActivateExtension vscode.debug-auto-launch {"startup":true,"extensionId":{"value":"vscode.debug-auto-launch","_lower":"vscode.debug-auto-launch"},"activationEvent":"*"}
[2021-09-02 10:33:08.345] [exthost] [info] ExtensionService#loadCommonJSModule file:///opt/visual-studio-code/resources/app/extensions/debug-auto-launch/dist/extension
[2021-09-02 10:33:08.347] [exthost] [info] ExtensionService#_doActivateExtension vscode.git {"startup":true,"extensionId":{"value":"vscode.github","_lower":"vscode.github"},"activationEvent":"*"}
[2021-09-02 10:33:08.347] [exthost] [info] ExtensionService#loadCommonJSModule file:///opt/visual-studio-code/resources/app/extensions/git/dist/main
[2021-09-02 10:33:08.366] [exthost] [info] ExtensionService#_doActivateExtension asvetliakov.vscode-neovim {"startup":true,"extensionId":{"value":"asvetliakov.vscode-neovim","_lower":"asvetliakov.vscode-neovim"},"activationEvent":"*"}
[2021-09-02 10:33:08.366] [exthost] [info] ExtensionService#loadCommonJSModule file:///home/arsonstan/.vscode/extensions/asvetliakov.vscode-neovim-0.0.82/dist/extension.js
[2021-09-02 10:33:08.378] [exthost] [info] ExtensionService#_doActivateExtension GitHub.vscode-pull-request-github {"startup":true,"extensionId":{"value":"GitHub.vscode-pull-request-github","_lower":"github.vscode-pull-request-github"},"activationEvent":"*"}
[2021-09-02 10:33:08.378] [exthost] [info] ExtensionService#loadCommonJSModule file:///home/arsonstan/.vscode/extensions/github.vscode-pull-request-github-0.29.2/dist/extension
[2021-09-02 10:33:08.594] [exthost] [info] ExtensionService#_doActivateExtension vscode.github-authentication {"startup":false,"extensionId":{"value":"vscode.github-authentication","_lower":"vscode.github-authentication"},"activationEvent":"onAuthenticationRequest:github"}
[2021-09-02 10:33:08.595] [exthost] [info] ExtensionService#loadCommonJSModule file:///opt/visual-studio-code/resources/app/extensions/github-authentication/dist/extension.js
[2021-09-02 10:33:08.664] [exthost] [info] ExtensionService#_doActivateExtension ms-vscode.js-debug {"startup":false,"extensionId":{"value":"ms-vscode.js-debug","_lower":"ms-vscode.js-debug"},"activationEvent":"onCommand:extension.js-debug.clearAutoAttachVariables"}
[2021-09-02 10:33:08.664] [exthost] [info] ExtensionService#loadCommonJSModule file:///opt/visual-studio-code/resources/app/extensions/ms-vscode.js-debug/src/extension.js
[2021-09-02 10:33:08.738] [exthost] [info] ExtensionService#_doActivateExtension vscode.github {"startup":false,"extensionId":{"value":"vscode.github","_lower":"vscode.github"},"activationEvent":"*"}
[2021-09-02 10:33:08.738] [exthost] [info] ExtensionService#loadCommonJSModule file:///opt/visual-studio-code/resources/app/extensions/github/dist/extension.js
[2021-09-02 10:33:08.930] [exthost] [info] eager extensions activated
[2021-09-02 10:33:08.931] [exthost] [info] ExtensionService#_doActivateExtension vscode.emmet {"startup":false,"extensionId":{"value":"vscode.emmet","_lower":"vscode.emmet"},"activationEvent":"onStartupFinished"}
[2021-09-02 10:33:08.931] [exthost] [info] ExtensionService#loadCommonJSModule file:///opt/visual-studio-code/resources/app/extensions/emmet/dist/node/emmetNodeMain
[2021-09-02 10:33:08.935] [exthost] [info] ExtensionService#_doActivateExtension vscode.merge-conflict {"startup":false,"extensionId":{"value":"vscode.merge-conflict","_lower":"vscode.merge-conflict"},"activationEvent":"onStartupFinished"}
[2021-09-02 10:33:08.935] [exthost] [info] ExtensionService#loadCommonJSModule file:///opt/visual-studio-code/resources/app/extensions/merge-conflict/dist/mergeConflictMain
[2021-09-02 10:33:09.392] [exthost] [info] ExtensionService#_doActivateExtension ms-python.vscode-pylance {"startup":false,"extensionId":{"value":"ms-python.vscode-pylance","_lower":"ms-python.vscode-pylance"},"activationEvent":"onLanguage:python"}
[2021-09-02 10:33:09.392] [exthost] [info] ExtensionService#loadCommonJSModule file:///home/arsonstan/.vscode/extensions/ms-python.vscode-pylance-2021.9.0/dist/extension.bundle.js
[2021-09-02 10:33:19.302] [exthost] [error] [ms-python.python] provider FAILED
[2021-09-02 10:33:19.302] [exthost] [error] Canceled: Canceled
	at _.makeCancelError (/home/arsonstan/.vscode/extensions/ms-python.python-2021.8.1159798656/out/client/extension.js:9:155434)
	at _.handleFailedRequest (/home/arsonstan/.vscode/extensions/ms-python.python-2021.8.1159798656/out/client/extension.js:9:155285)
	at /home/arsonstan/.vscode/extensions/ms-python.python-2021.8.1159798656/out/client/extension.js:9:114835
	at async z.resolveCompletionItem (/opt/visual-studio-code/resources/app/out/vs/workbench/services/extensions/node/extensionHostProcess.js:85:175887)
[2021-09-02 10:33:30.062] [exthost] [error] [ms-python.python] provider FAILED
[2021-09-02 10:33:30.062] [exthost] [error] Canceled: Canceled
	at _.makeCancelError (/home/arsonstan/.vscode/extensions/ms-python.python-2021.8.1159798656/out/client/extension.js:9:155434)
	at _.handleFailedRequest (/home/arsonstan/.vscode/extensions/ms-python.python-2021.8.1159798656/out/client/extension.js:9:155285)
	at /home/arsonstan/.vscode/extensions/ms-python.python-2021.8.1159798656/out/client/extension.js:9:114835
	at async z.resolveCompletionItem (/opt/visual-studio-code/resources/app/out/vs/workbench/services/extensions/node/extensionHostProcess.js:85:175887)
[2021-09-02 10:34:08.604] [exthost] [error] [ms-python.python] provider FAILED
[2021-09-02 10:34:08.605] [exthost] [error] Canceled: Canceled
	at _.makeCancelError (/home/arsonstan/.vscode/extensions/ms-python.python-2021.8.1159798656/out/client/extension.js:9:155434)
	at _.handleFailedRequest (/home/arsonstan/.vscode/extensions/ms-python.python-2021.8.1159798656/out/client/extension.js:9:155285)
	at /home/arsonstan/.vscode/extensions/ms-python.python-2021.8.1159798656/out/client/extension.js:9:119219
	at async w.provideDocumentHighlights (/opt/visual-studio-code/resources/app/out/vs/workbench/services/extensions/node/extensionHostProcess.js:85:165580)
[2021-09-02 10:34:08.609] [exthost] [error] [ms-python.python] provider FAILED
[2021-09-02 10:34:08.610] [exthost] [error] Canceled: Canceled
	at _.makeCancelError (/home/arsonstan/.vscode/extensions/ms-python.python-2021.8.1159798656/out/client/extension.js:9:155434)
	at _.handleFailedRequest (/home/arsonstan/.vscode/extensions/ms-python.python-2021.8.1159798656/out/client/extension.js:9:155285)
	at /home/arsonstan/.vscode/extensions/ms-python.python-2021.8.1159798656/out/client/extension.js:9:119219
	at async w.provideDocumentHighlights (/opt/visual-studio-code/resources/app/out/vs/workbench/services/extensions/node/extensionHostProcess.js:85:165580)
[2021-09-02 10:34:10.242] [exthost] [error] [ms-python.python] provider FAILED
[2021-09-02 10:34:10.242] [exthost] [error] Canceled: Canceled
	at _.makeCancelError (/home/arsonstan/.vscode/extensions/ms-python.python-2021.8.1159798656/out/client/extension.js:9:155434)
	at _.handleFailedRequest (/home/arsonstan/.vscode/extensions/ms-python.python-2021.8.1159798656/out/client/extension.js:9:155285)
	at /home/arsonstan/.vscode/extensions/ms-python.python-2021.8.1159798656/out/client/extension.js:9:119219
	at async w.provideDocumentHighlights (/opt/visual-studio-code/resources/app/out/vs/workbench/services/extensions/node/extensionHostProcess.js:85:165580)
[2021-09-02 10:34:10.246] [exthost] [error] [ms-python.python] provider FAILED
[2021-09-02 10:34:10.246] [exthost] [error] Canceled: Canceled
	at _.makeCancelError (/home/arsonstan/.vscode/extensions/ms-python.python-2021.8.1159798656/out/client/extension.js:9:155434)
	at _.handleFailedRequest (/home/arsonstan/.vscode/extensions/ms-python.python-2021.8.1159798656/out/client/extension.js:9:155285)
	at /home/arsonstan/.vscode/extensions/ms-python.python-2021.8.1159798656/out/client/extension.js:9:116615
	at async q.provideSignatureHelp (/opt/visual-studio-code/resources/app/out/vs/workbench/services/extensions/node/extensionHostProcess.js:85:178784)
[2021-09-02 10:34:10.251] [exthost] [error] [ms-python.python] provider FAILED
[2021-09-02 10:34:10.251] [exthost] [error] Canceled: Canceled
	at _.makeCancelError (/home/arsonstan/.vscode/extensions/ms-python.python-2021.8.1159798656/out/client/extension.js:9:155434)
	at _.handleFailedRequest (/home/arsonstan/.vscode/extensions/ms-python.python-2021.8.1159798656/out/client/extension.js:9:155285)
	at /home/arsonstan/.vscode/extensions/ms-python.python-2021.8.1159798656/out/client/extension.js:9:123146
	at async k.provideCodeActions (/opt/visual-studio-code/resources/app/out/vs/workbench/services/extensions/node/extensionHostProcess.js:85:166936)
[2021-09-02 10:34:10.251] [exthost] [error] [ms-python.python] provider FAILED
[2021-09-02 10:34:10.251] [exthost] [error] Canceled: Canceled
	at _.makeCancelError (/home/arsonstan/.vscode/extensions/ms-python.python-2021.8.1159798656/out/client/extension.js:9:155434)
	at _.handleFailedRequest (/home/arsonstan/.vscode/extensions/ms-python.python-2021.8.1159798656/out/client/extension.js:9:155285)
	at /home/arsonstan/.vscode/extensions/ms-python.python-2021.8.1159798656/out/client/extension.js:9:123146
	at async k.provideCodeActions (/opt/visual-studio-code/resources/app/out/vs/workbench/services/extensions/node/extensionHostProcess.js:85:166936)
[2021-09-02 10:34:10.332] [exthost] [error] [ms-python.python] provider FAILED
[2021-09-02 10:34:10.332] [exthost] [error] Canceled: Canceled
	at _.makeCancelError (/home/arsonstan/.vscode/extensions/ms-python.python-2021.8.1159798656/out/client/extension.js:9:155434)
	at _.handleFailedRequest (/home/arsonstan/.vscode/extensions/ms-python.python-2021.8.1159798656/out/client/extension.js:9:155285)
	at /home/arsonstan/.vscode/extensions/ms-python.python-2021.8.1159798656/out/client/extension.js:9:119219
	at async w.provideDocumentHighlights (/opt/visual-studio-code/resources/app/out/vs/workbench/services/extensions/node/extensionHostProcess.js:85:165580)
[2021-09-02 10:34:10.929] [exthost] [error] [ms-python.python] provider FAILED
[2021-09-02 10:34:10.929] [exthost] [error] Canceled: Canceled
	at _.makeCancelError (/home/arsonstan/.vscode/extensions/ms-python.python-2021.8.1159798656/out/client/extension.js:9:155434)
	at _.handleFailedRequest (/home/arsonstan/.vscode/extensions/ms-python.python-2021.8.1159798656/out/client/extension.js:9:155285)
	at /home/arsonstan/.vscode/extensions/ms-python.python-2021.8.1159798656/out/client/extension.js:9:119219
	at async w.provideDocumentHighlights (/opt/visual-studio-code/resources/app/out/vs/workbench/services/extensions/node/extensionHostProcess.js:85:165580)
[2021-09-02 10:34:11.235] [exthost] [error] [ms-python.python] provider FAILED
[2021-09-02 10:34:11.235] [exthost] [error] Canceled: Canceled
	at _.makeCancelError (/home/arsonstan/.vscode/extensions/ms-python.python-2021.8.1159798656/out/client/extension.js:9:155434)
	at _.handleFailedRequest (/home/arsonstan/.vscode/extensions/ms-python.python-2021.8.1159798656/out/client/extension.js:9:155285)
	at /home/arsonstan/.vscode/extensions/ms-python.python-2021.8.1159798656/out/client/extension.js:9:119219
	at async w.provideDocumentHighlights (/opt/visual-studio-code/resources/app/out/vs/workbench/services/extensions/node/extensionHostProcess.js:85:165580)
[2021-09-02 10:34:16.593] [exthost] [error] [ms-python.python] provider FAILED
[2021-09-02 10:34:16.593] [exthost] [error] Canceled: Canceled
	at _.makeCancelError (/home/arsonstan/.vscode/extensions/ms-python.python-2021.8.1159798656/out/client/extension.js:9:155434)
	at _.handleFailedRequest (/home/arsonstan/.vscode/extensions/ms-python.python-2021.8.1159798656/out/client/extension.js:9:155285)
	at /home/arsonstan/.vscode/extensions/ms-python.python-2021.8.1159798656/out/client/extension.js:9:119219
	at async w.provideDocumentHighlights (/opt/visual-studio-code/resources/app/out/vs/workbench/services/extensions/node/extensionHostProcess.js:85:165580)
[2021-09-02 10:34:16.597] [exthost] [error] [ms-python.python] provider FAILED
[2021-09-02 10:34:16.597] [exthost] [error] Canceled: Canceled
	at _.makeCancelError (/home/arsonstan/.vscode/extensions/ms-python.python-2021.8.1159798656/out/client/extension.js:9:155434)
	at _.handleFailedRequest (/home/arsonstan/.vscode/extensions/ms-python.python-2021.8.1159798656/out/client/extension.js:9:155285)
	at /home/arsonstan/.vscode/extensions/ms-python.python-2021.8.1159798656/out/client/extension.js:9:119219
	at async w.provideDocumentHighlights (/opt/visual-studio-code/resources/app/out/vs/workbench/services/extensions/node/extensionHostProcess.js:85:165580)
[2021-09-02 10:34:16.749] [exthost] [error] [ms-python.python] provider FAILED
[2021-09-02 10:34:16.749] [exthost] [error] Canceled: Canceled
	at _.makeCancelError (/home/arsonstan/.vscode/extensions/ms-python.python-2021.8.1159798656/out/client/extension.js:9:155434)
	at _.handleFailedRequest (/home/arsonstan/.vscode/extensions/ms-python.python-2021.8.1159798656/out/client/extension.js:9:155285)
	at /home/arsonstan/.vscode/extensions/ms-python.python-2021.8.1159798656/out/client/extension.js:9:119219
	at async w.provideDocumentHighlights (/opt/visual-studio-code/resources/app/out/vs/workbench/services/extensions/node/extensionHostProcess.js:85:165580)
[2021-09-02 10:34:16.753] [exthost] [error] [ms-python.python] provider FAILED
[2021-09-02 10:34:16.753] [exthost] [error] Canceled: Canceled
	at _.makeCancelError (/home/arsonstan/.vscode/extensions/ms-python.python-2021.8.1159798656/out/client/extension.js:9:155434)
	at _.handleFailedRequest (/home/arsonstan/.vscode/extensions/ms-python.python-2021.8.1159798656/out/client/extension.js:9:155285)
	at /home/arsonstan/.vscode/extensions/ms-python.python-2021.8.1159798656/out/client/extension.js:9:119219
	at async w.provideDocumentHighlights (/opt/visual-studio-code/resources/app/out/vs/workbench/services/extensions/node/extensionHostProcess.js:85:165580)
[2021-09-02 10:34:17.665] [exthost] [error] [ms-python.python] provider FAILED
[2021-09-02 10:34:17.665] [exthost] [error] Canceled: Canceled
	at _.makeCancelError (/home/arsonstan/.vscode/extensions/ms-python.python-2021.8.1159798656/out/client/extension.js:9:155434)
	at _.handleFailedRequest (/home/arsonstan/.vscode/extensions/ms-python.python-2021.8.1159798656/out/client/extension.js:9:155285)
	at /home/arsonstan/.vscode/extensions/ms-python.python-2021.8.1159798656/out/client/extension.js:9:119219
	at async w.provideDocumentHighlights (/opt/visual-studio-code/resources/app/out/vs/workbench/services/extensions/node/extensionHostProcess.js:85:165580)
[2021-09-02 10:34:17.670] [exthost] [error] [ms-python.python] provider FAILED
[2021-09-02 10:34:17.670] [exthost] [error] Canceled: Canceled
	at _.makeCancelError (/home/arsonstan/.vscode/extensions/ms-python.python-2021.8.1159798656/out/client/extension.js:9:155434)
	at _.handleFailedRequest (/home/arsonstan/.vscode/extensions/ms-python.python-2021.8.1159798656/out/client/extension.js:9:155285)
	at /home/arsonstan/.vscode/extensions/ms-python.python-2021.8.1159798656/out/client/extension.js:9:119219
	at async w.provideDocumentHighlights (/opt/visual-studio-code/resources/app/out/vs/workbench/services/extensions/node/extensionHostProcess.js:85:165580)
[2021-09-02 10:34:18.273] [exthost] [error] [ms-python.python] provider FAILED
[2021-09-02 10:34:18.274] [exthost] [error] Canceled: Canceled
	at _.makeCancelError (/home/arsonstan/.vscode/extensions/ms-python.python-2021.8.1159798656/out/client/extension.js:9:155434)
	at _.handleFailedRequest (/home/arsonstan/.vscode/extensions/ms-python.python-2021.8.1159798656/out/client/extension.js:9:155285)
	at /home/arsonstan/.vscode/extensions/ms-python.python-2021.8.1159798656/out/client/extension.js:9:119219
	at async w.provideDocumentHighlights (/opt/visual-studio-code/resources/app/out/vs/workbench/services/extensions/node/extensionHostProcess.js:85:165580)
[2021-09-02 10:34:19.560] [exthost] [error] [ms-python.python] provider FAILED
[2021-09-02 10:34:19.561] [exthost] [error] Canceled: Canceled
	at _.makeCancelError (/home/arsonstan/.vscode/extensions/ms-python.python-2021.8.1159798656/out/client/extension.js:9:155434)
	at _.handleFailedRequest (/home/arsonstan/.vscode/extensions/ms-python.python-2021.8.1159798656/out/client/extension.js:9:155285)
	at /home/arsonstan/.vscode/extensions/ms-python.python-2021.8.1159798656/out/client/extension.js:9:119219
	at async w.provideDocumentHighlights (/opt/visual-studio-code/resources/app/out/vs/workbench/services/extensions/node/extensionHostProcess.js:85:165580)
[2021-09-02 10:34:19.565] [exthost] [error] [ms-python.python] provider FAILED
[2021-09-02 10:34:19.565] [exthost] [error] Canceled: Canceled
	at _.makeCancelError (/home/arsonstan/.vscode/extensions/ms-python.python-2021.8.1159798656/out/client/extension.js:9:155434)
	at _.handleFailedRequest (/home/arsonstan/.vscode/extensions/ms-python.python-2021.8.1159798656/out/client/extension.js:9:155285)
	at /home/arsonstan/.vscode/extensions/ms-python.python-2021.8.1159798656/out/client/extension.js:9:119219
	at async w.provideDocumentHighlights (/opt/visual-studio-code/resources/app/out/vs/workbench/services/extensions/node/extensionHostProcess.js:85:165580)
[2021-09-02 10:35:38.873] [exthost] [error] [ms-python.python] provider FAILED
[2021-09-02 10:35:38.873] [exthost] [error] Canceled: Canceled
	at _.makeCancelError (/home/arsonstan/.vscode/extensions/ms-python.python-2021.8.1159798656/out/client/extension.js:9:155434)
	at _.handleFailedRequest (/home/arsonstan/.vscode/extensions/ms-python.python-2021.8.1159798656/out/client/extension.js:9:155285)
	at /home/arsonstan/.vscode/extensions/ms-python.python-2021.8.1159798656/out/client/extension.js:9:119219
	at async w.provideDocumentHighlights (/opt/visual-studio-code/resources/app/out/vs/workbench/services/extensions/node/extensionHostProcess.js:85:165580)
[2021-09-02 10:35:38.927] [exthost] [error] [ms-python.python] provider FAILED
[2021-09-02 10:35:38.927] [exthost] [error] Canceled: Canceled
	at _.makeCancelError (/home/arsonstan/.vscode/extensions/ms-python.python-2021.8.1159798656/out/client/extension.js:9:155434)
	at _.handleFailedRequest (/home/arsonstan/.vscode/extensions/ms-python.python-2021.8.1159798656/out/client/extension.js:9:155285)
	at /home/arsonstan/.vscode/extensions/ms-python.python-2021.8.1159798656/out/client/extension.js:9:119219
	at async w.provideDocumentHighlights (/opt/visual-studio-code/resources/app/out/vs/workbench/services/extensions/node/extensionHostProcess.js:85:165580)
[2021-09-02 10:35:38.963] [exthost] [error] [ms-python.python] provider FAILED
[2021-09-02 10:35:38.963] [exthost] [error] Canceled: Canceled
	at _.makeCancelError (/home/arsonstan/.vscode/extensions/ms-python.python-2021.8.1159798656/out/client/extension.js:9:155434)
	at _.handleFailedRequest (/home/arsonstan/.vscode/extensions/ms-python.python-2021.8.1159798656/out/client/extension.js:9:155285)
	at /home/arsonstan/.vscode/extensions/ms-python.python-2021.8.1159798656/out/client/extension.js:9:119219
	at async w.provideDocumentHighlights (/opt/visual-studio-code/resources/app/out/vs/workbench/services/extensions/node/extensionHostProcess.js:85:165580)
[2021-09-02 10:35:39.003] [exthost] [error] [ms-python.python] provider FAILED
[2021-09-02 10:35:39.003] [exthost] [error] Canceled: Canceled
	at _.makeCancelError (/home/arsonstan/.vscode/extensions/ms-python.python-2021.8.1159798656/out/client/extension.js:9:155434)
	at _.handleFailedRequest (/home/arsonstan/.vscode/extensions/ms-python.python-2021.8.1159798656/out/client/extension.js:9:155285)
	at /home/arsonstan/.vscode/extensions/ms-python.python-2021.8.1159798656/out/client/extension.js:9:119219
	at async w.provideDocumentHighlights (/opt/visual-studio-code/resources/app/out/vs/workbench/services/extensions/node/extensionHostProcess.js:85:165580)
[2021-09-02 10:35:39.048] [exthost] [error] [ms-python.python] provider FAILED
[2021-09-02 10:35:39.048] [exthost] [error] Canceled: Canceled
	at _.makeCancelError (/home/arsonstan/.vscode/extensions/ms-python.python-2021.8.1159798656/out/client/extension.js:9:155434)
	at _.handleFailedRequest (/home/arsonstan/.vscode/extensions/ms-python.python-2021.8.1159798656/out/client/extension.js:9:155285)
	at /home/arsonstan/.vscode/extensions/ms-python.python-2021.8.1159798656/out/client/extension.js:9:119219
	at async w.provideDocumentHighlights (/opt/visual-studio-code/resources/app/out/vs/workbench/services/extensions/node/extensionHostProcess.js:85:165580)
[2021-09-02 10:36:11.489] [exthost] [error] [ms-python.python] provider FAILED
[2021-09-02 10:36:11.490] [exthost] [error] Canceled: Canceled
	at _.makeCancelError (/home/arsonstan/.vscode/extensions/ms-python.python-2021.8.1159798656/out/client/extension.js:9:155434)
	at _.handleFailedRequest (/home/arsonstan/.vscode/extensions/ms-python.python-2021.8.1159798656/out/client/extension.js:9:155285)
	at /home/arsonstan/.vscode/extensions/ms-python.python-2021.8.1159798656/out/client/extension.js:9:123146
	at async k.provideCodeActions (/opt/visual-studio-code/resources/app/out/vs/workbench/services/extensions/node/extensionHostProcess.js:85:166936)
[2021-09-02 10:36:14.448] [exthost] [error] [ms-python.python] provider FAILED
[2021-09-02 10:36:14.448] [exthost] [error] Canceled: Canceled
	at _.makeCancelError (/home/arsonstan/.vscode/extensions/ms-python.python-2021.8.1159798656/out/client/extension.js:9:155434)
	at _.handleFailedRequest (/home/arsonstan/.vscode/extensions/ms-python.python-2021.8.1159798656/out/client/extension.js:9:155285)
	at /home/arsonstan/.vscode/extensions/ms-python.python-2021.8.1159798656/out/client/extension.js:9:119219
	at async w.provideDocumentHighlights (/opt/visual-studio-code/resources/app/out/vs/workbench/services/extensions/node/extensionHostProcess.js:85:165580)
[2021-09-02 10:36:59.719] [exthost] [info] extension host terminating: renderer closed the socket
[2021-09-02 10:37:00.739] [exthost] [info] exiting with code 0
