User belongs to experiment group 'pythonaa'
User belongs to experiment group 'pythonJediLSP'
User belongs to experiment group 'pythonDiscoveryModuleWithoutWatcher'
User belongs to experiment group 'pythonTensorboardExperiment'
User belongs to experiment group 'PythonPyTorchProfiler'
User belongs to experiment group 'pythonDeprecatePythonPath'
User belongs to experiment group 'pythonSortEnvs'
User belongs to experiment group 'pythonRefreshTestsButtonDisplayed'
Error 2021-09-07 00:30:35: Failed to check if file needs to be fixed EntryNotFound (FileSystemError): Unable to read file '/home/arsonstan/Projects/Earthsr/earthsr/.vscode/settings.json' (Error: Unable to resolve non-existing file '/home/arsonstan/Projects/Earthsr/earthsr/.vscode/settings.json')
    at _handleError (/opt/visual-studio-code/resources/app/out/vs/workbench/services/extensions/node/extensionHostProcess.js:85:158459)
    at processTicksAndRejections (internal/process/task_queues.js:93:5)
    at y.readText (/home/arsonstan/.vscode/extensions/ms-python.python-2021.9.1191016588/out/client/extension.js:9:315784)
    at p.doesFileNeedToBeFixed (/home/arsonstan/.vscode/extensions/ms-python.python-2021.9.1191016588/out/client/extension.js:59:823850)
    at /home/arsonstan/.vscode/extensions/ms-python.python-2021.9.1191016588/out/client/extension.js:59:822977
    at async Promise.all (index 1)
    at p.getFilesToBeFixed (/home/arsonstan/.vscode/extensions/ms-python.python-2021.9.1191016588/out/client/extension.js:59:822923)
    at p.updateTestSettings (/home/arsonstan/.vscode/extensions/ms-python.python-2021.9.1191016588/out/client/extension.js:59:822550) {
  code: 'FileNotFound'
}
Starting Pylance language server.
Python interpreter path: /bin/python
> conda --version
Error 2021-09-07 01:24:09: Error while running worker[Worker 2]. undefined
Error 2021-09-07 01:24:09: Error while running worker[Worker 1]. undefined
