[2021-09-02 09:45:47.998] [renderer1] [error] name must not be falsy: Error: name must not be falsy
	at Function.validate (/opt/visual-studio-code/resources/app/out/vs/workbench/services/extensions/node/extensionHostProcess.js:78:30608)
	at new a (/opt/visual-studio-code/resources/app/out/vs/workbench/services/extensions/node/extensionHostProcess.js:78:30557)
	at new a (/opt/visual-studio-code/resources/app/out/vs/workbench/services/extensions/node/extensionHostProcess.js:78:17347)
	at H (/home/arsonstan/.vscode/extensions/ms-python.python-2021.8.1159798656/out/client/extension.js:59:129332)
	at Array.map (<anonymous>)
	at Object.asDocumentSymbols (/home/arsonstan/.vscode/extensions/ms-python.python-2021.8.1159798656/out/client/extension.js:59:134670)
	at /home/arsonstan/.vscode/extensions/ms-python.python-2021.8.1159798656/out/client/extension.js:9:120195
	at async c.provideDocumentSymbols (/opt/visual-studio-code/resources/app/out/vs/workbench/services/extensions/node/extensionHostProcess.js:85:161482)
[2021-09-02 09:45:57.589] [renderer1] [error] name must not be falsy: Error: name must not be falsy
	at Function.validate (/opt/visual-studio-code/resources/app/out/vs/workbench/services/extensions/node/extensionHostProcess.js:78:30608)
	at new a (/opt/visual-studio-code/resources/app/out/vs/workbench/services/extensions/node/extensionHostProcess.js:78:30557)
	at new a (/opt/visual-studio-code/resources/app/out/vs/workbench/services/extensions/node/extensionHostProcess.js:78:17347)
	at H (/home/arsonstan/.vscode/extensions/ms-python.python-2021.8.1159798656/out/client/extension.js:59:129332)
	at Array.map (<anonymous>)
	at Object.asDocumentSymbols (/home/arsonstan/.vscode/extensions/ms-python.python-2021.8.1159798656/out/client/extension.js:59:134670)
	at /home/arsonstan/.vscode/extensions/ms-python.python-2021.8.1159798656/out/client/extension.js:9:120195
	at async c.provideDocumentSymbols (/opt/visual-studio-code/resources/app/out/vs/workbench/services/extensions/node/extensionHostProcess.js:85:161482)
[2021-09-02 10:02:53.638] [renderer1] [error] Cannot read property 'items' of undefined: TypeError: Cannot read property 'items' of undefined
	at completionLengthMeasure (/home/arsonstan/.vscode/extensions/ms-python.python-2021.8.1159798656/out/client/extension.js:59:198753)
	at p (/home/arsonstan/.vscode/extensions/ms-python.python-2021.8.1159798656/out/client/extension.js:59:201417)
	at async z.provideCompletionItems (/opt/visual-studio-code/resources/app/out/vs/workbench/services/extensions/node/extensionHostProcess.js:85:175170)
