[2021-09-07 00:30:28.944] [exthost] [info] extension host started
[2021-09-07 00:30:28.944] [exthost] [info] Skipping acquiring lock for /home/arsonstan/.config/Code/User/workspaceStorage/d23859b98f36aca9d053d06df2c7d813.
[2021-09-07 00:30:29.012] [exthost] [info] ExtensionService#_doActivateExtension vscode.microsoft-authentication {"startup":false,"extensionId":{"value":"vscode.microsoft-authentication","_lower":"vscode.microsoft-authentication"},"activationEvent":"onAuthenticationRequest:microsoft"}
[2021-09-07 00:30:29.012] [exthost] [info] ExtensionService#loadCommonJSModule file:///opt/visual-studio-code/resources/app/extensions/microsoft-authentication/dist/extension.js
[2021-09-07 00:30:29.120] [exthost] [info] ExtensionService#_doActivateExtension ms-python.python {"startup":false,"extensionId":{"value":"ms-python.vscode-pylance","_lower":"ms-python.vscode-pylance"},"activationEvent":"onLanguage:python"}
[2021-09-07 00:30:29.120] [exthost] [info] ExtensionService#loadCommonJSModule file:///home/arsonstan/.vscode/extensions/ms-python.python-2021.9.1191016588/out/client/extension
[2021-09-07 00:30:29.634] [exthost] [info] ExtensionService#_doActivateExtension ms-toolsai.jupyter {"startup":false,"extensionId":{"value":"ms-toolsai.jupyter","_lower":"ms-toolsai.jupyter"},"activationEvent":"onLanguage:python"}
[2021-09-07 00:30:29.634] [exthost] [info] ExtensionService#loadCommonJSModule file:///home/arsonstan/.vscode/extensions/ms-toolsai.jupyter-2021.8.1236758218/out/client/extension
[2021-09-07 00:30:30.384] [exthost] [info] ExtensionService#_doActivateExtension vscode.debug-auto-launch {"startup":true,"extensionId":{"value":"vscode.debug-auto-launch","_lower":"vscode.debug-auto-launch"},"activationEvent":"*"}
[2021-09-07 00:30:30.384] [exthost] [info] ExtensionService#loadCommonJSModule file:///opt/visual-studio-code/resources/app/extensions/debug-auto-launch/dist/extension
[2021-09-07 00:30:30.474] [exthost] [info] ExtensionService#_doActivateExtension vscode.git {"startup":true,"extensionId":{"value":"vscode.github","_lower":"vscode.github"},"activationEvent":"*"}
[2021-09-07 00:30:30.474] [exthost] [info] ExtensionService#loadCommonJSModule file:///opt/visual-studio-code/resources/app/extensions/git/dist/main
[2021-09-07 00:30:30.548] [exthost] [info] ExtensionService#_doActivateExtension GitHub.vscode-pull-request-github {"startup":true,"extensionId":{"value":"GitHub.vscode-pull-request-github","_lower":"github.vscode-pull-request-github"},"activationEvent":"*"}
[2021-09-07 00:30:30.548] [exthost] [info] ExtensionService#loadCommonJSModule file:///home/arsonstan/.vscode/extensions/github.vscode-pull-request-github-0.29.2/dist/extension
[2021-09-07 00:30:30.640] [exthost] [info] ExtensionService#_doActivateExtension vscodevim.vim {"startup":true,"extensionId":{"value":"vscodevim.vim","_lower":"vscodevim.vim"},"activationEvent":"*"}
[2021-09-07 00:30:30.640] [exthost] [info] ExtensionService#loadCommonJSModule file:///home/arsonstan/.vscode/extensions/vscodevim.vim-1.21.7/out/extension
[2021-09-07 00:30:31.338] [exthost] [info] ExtensionService#_doActivateExtension vscode.github-authentication {"startup":false,"extensionId":{"value":"vscode.github-authentication","_lower":"vscode.github-authentication"},"activationEvent":"onAuthenticationRequest:github"}
[2021-09-07 00:30:31.338] [exthost] [info] ExtensionService#loadCommonJSModule file:///opt/visual-studio-code/resources/app/extensions/github-authentication/dist/extension.js
[2021-09-07 00:30:31.519] [exthost] [info] ExtensionService#_doActivateExtension vscode.github {"startup":true,"extensionId":{"value":"vscode.github","_lower":"vscode.github"},"activationEvent":"*"}
[2021-09-07 00:30:31.519] [exthost] [info] ExtensionService#loadCommonJSModule file:///opt/visual-studio-code/resources/app/extensions/github/dist/extension.js
[2021-09-07 00:30:31.870] [exthost] [info] ExtensionService#_doActivateExtension ms-python.vscode-pylance {"startup":false,"extensionId":{"value":"ms-python.vscode-pylance","_lower":"ms-python.vscode-pylance"},"activationEvent":"onLanguage:python"}
[2021-09-07 00:30:31.870] [exthost] [info] ExtensionService#loadCommonJSModule file:///home/arsonstan/.vscode/extensions/ms-python.vscode-pylance-2021.9.0/dist/extension.bundle.js
[2021-09-07 00:30:34.177] [exthost] [info] ExtensionService#_doActivateExtension ms-vscode.js-debug {"startup":false,"extensionId":{"value":"ms-vscode.js-debug","_lower":"ms-vscode.js-debug"},"activationEvent":"onCommand:extension.js-debug.clearAutoAttachVariables"}
[2021-09-07 00:30:34.177] [exthost] [info] ExtensionService#loadCommonJSModule file:///opt/visual-studio-code/resources/app/extensions/ms-vscode.js-debug/src/extension.js
[2021-09-07 00:30:35.666] [exthost] [info] eager extensions activated
[2021-09-07 00:30:35.692] [exthost] [info] ExtensionService#_doActivateExtension vscode.emmet {"startup":false,"extensionId":{"value":"vscode.emmet","_lower":"vscode.emmet"},"activationEvent":"onStartupFinished"}
[2021-09-07 00:30:35.692] [exthost] [info] ExtensionService#loadCommonJSModule file:///opt/visual-studio-code/resources/app/extensions/emmet/dist/node/emmetNodeMain
[2021-09-07 00:30:36.250] [exthost] [info] ExtensionService#_doActivateExtension vscode.merge-conflict {"startup":false,"extensionId":{"value":"vscode.merge-conflict","_lower":"vscode.merge-conflict"},"activationEvent":"onStartupFinished"}
[2021-09-07 00:30:36.251] [exthost] [info] ExtensionService#loadCommonJSModule file:///opt/visual-studio-code/resources/app/extensions/merge-conflict/dist/mergeConflictMain
[2021-09-07 01:24:09.150] [exthost] [info] extension host terminating: renderer closed the socket
[2021-09-07 01:24:10.159] [exthost] [info] exiting with code 0
