[2021-09-02 09:35:46.879] [exthost] [info] extension host started
[2021-09-02 09:35:46.879] [exthost] [info] Skipping acquiring lock for /home/arsonstan/.config/Code/User/workspaceStorage/28245c015c3f99bafa95f6e61d841c3c.
[2021-09-02 09:35:46.976] [exthost] [info] ExtensionService#_doActivateExtension vscode.microsoft-authentication {"startup":false,"extensionId":{"value":"vscode.microsoft-authentication","_lower":"vscode.microsoft-authentication"},"activationEvent":"onAuthenticationRequest:microsoft"}
[2021-09-02 09:35:46.976] [exthost] [info] ExtensionService#loadCommonJSModule file:///opt/visual-studio-code/resources/app/extensions/microsoft-authentication/dist/extension.js
[2021-09-02 09:35:46.984] [exthost] [info] ExtensionService#_doActivateExtension ms-python.python {"startup":false,"extensionId":{"value":"ms-python.vscode-pylance","_lower":"ms-python.vscode-pylance"},"activationEvent":"onLanguage:python"}
[2021-09-02 09:35:46.984] [exthost] [info] ExtensionService#loadCommonJSModule file:///home/arsonstan/.vscode/extensions/ms-python.python-2021.8.1159798656/out/client/extension
[2021-09-02 09:35:47.037] [exthost] [info] ExtensionService#_doActivateExtension ms-toolsai.jupyter {"startup":false,"extensionId":{"value":"ms-toolsai.jupyter","_lower":"ms-toolsai.jupyter"},"activationEvent":"onLanguage:python"}
[2021-09-02 09:35:47.037] [exthost] [info] ExtensionService#loadCommonJSModule file:///home/arsonstan/.vscode/extensions/ms-toolsai.jupyter-2021.8.1236758218/out/client/extension
[2021-09-02 09:35:47.236] [exthost] [info] ExtensionService#_doActivateExtension vscode.debug-auto-launch {"startup":true,"extensionId":{"value":"vscode.debug-auto-launch","_lower":"vscode.debug-auto-launch"},"activationEvent":"*"}
[2021-09-02 09:35:47.236] [exthost] [info] ExtensionService#loadCommonJSModule file:///opt/visual-studio-code/resources/app/extensions/debug-auto-launch/dist/extension
[2021-09-02 09:35:47.238] [exthost] [info] ExtensionService#_doActivateExtension vscode.git {"startup":true,"extensionId":{"value":"vscode.github","_lower":"vscode.github"},"activationEvent":"*"}
[2021-09-02 09:35:47.238] [exthost] [info] ExtensionService#loadCommonJSModule file:///opt/visual-studio-code/resources/app/extensions/git/dist/main
[2021-09-02 09:35:47.256] [exthost] [info] ExtensionService#_doActivateExtension asvetliakov.vscode-neovim {"startup":true,"extensionId":{"value":"asvetliakov.vscode-neovim","_lower":"asvetliakov.vscode-neovim"},"activationEvent":"*"}
[2021-09-02 09:35:47.256] [exthost] [info] ExtensionService#loadCommonJSModule file:///home/arsonstan/.vscode/extensions/asvetliakov.vscode-neovim-0.0.82/dist/extension.js
[2021-09-02 09:35:47.267] [exthost] [info] ExtensionService#_doActivateExtension GitHub.vscode-pull-request-github {"startup":true,"extensionId":{"value":"GitHub.vscode-pull-request-github","_lower":"github.vscode-pull-request-github"},"activationEvent":"*"}
[2021-09-02 09:35:47.267] [exthost] [info] ExtensionService#loadCommonJSModule file:///home/arsonstan/.vscode/extensions/github.vscode-pull-request-github-0.29.2/dist/extension
[2021-09-02 09:35:47.475] [exthost] [info] ExtensionService#_doActivateExtension vscode.github-authentication {"startup":false,"extensionId":{"value":"vscode.github-authentication","_lower":"vscode.github-authentication"},"activationEvent":"onAuthenticationRequest:github"}
[2021-09-02 09:35:47.639] [exthost] [info] ExtensionService#loadCommonJSModule file:///opt/visual-studio-code/resources/app/extensions/github-authentication/dist/extension.js
[2021-09-02 09:35:47.716] [exthost] [info] ExtensionService#_doActivateExtension ms-vscode.js-debug {"startup":false,"extensionId":{"value":"ms-vscode.js-debug","_lower":"ms-vscode.js-debug"},"activationEvent":"onCommand:extension.js-debug.clearAutoAttachVariables"}
[2021-09-02 09:35:47.716] [exthost] [info] ExtensionService#loadCommonJSModule file:///opt/visual-studio-code/resources/app/extensions/ms-vscode.js-debug/src/extension.js
[2021-09-02 09:35:47.777] [exthost] [info] ExtensionService#_doActivateExtension vscode.github {"startup":false,"extensionId":{"value":"vscode.github","_lower":"vscode.github"},"activationEvent":"*"}
[2021-09-02 09:35:47.777] [exthost] [info] ExtensionService#loadCommonJSModule file:///opt/visual-studio-code/resources/app/extensions/github/dist/extension.js
[2021-09-02 09:35:47.925] [exthost] [info] eager extensions activated
[2021-09-02 09:35:47.927] [exthost] [info] ExtensionService#_doActivateExtension vscode.emmet {"startup":false,"extensionId":{"value":"vscode.emmet","_lower":"vscode.emmet"},"activationEvent":"onStartupFinished"}
[2021-09-02 09:35:47.927] [exthost] [info] ExtensionService#loadCommonJSModule file:///opt/visual-studio-code/resources/app/extensions/emmet/dist/node/emmetNodeMain
[2021-09-02 09:35:47.930] [exthost] [info] ExtensionService#_doActivateExtension vscode.merge-conflict {"startup":false,"extensionId":{"value":"vscode.merge-conflict","_lower":"vscode.merge-conflict"},"activationEvent":"onStartupFinished"}
[2021-09-02 09:35:47.930] [exthost] [info] ExtensionService#loadCommonJSModule file:///opt/visual-studio-code/resources/app/extensions/merge-conflict/dist/mergeConflictMain
[2021-09-02 09:35:48.465] [exthost] [info] ExtensionService#_doActivateExtension ms-python.vscode-pylance {"startup":false,"extensionId":{"value":"ms-python.vscode-pylance","_lower":"ms-python.vscode-pylance"},"activationEvent":"onLanguage:python"}
[2021-09-02 09:35:48.465] [exthost] [info] ExtensionService#loadCommonJSModule file:///home/arsonstan/.vscode/extensions/ms-python.vscode-pylance-2021.9.0/dist/extension.bundle.js
[2021-09-02 09:40:20.980] [exthost] [info] extension host terminating: renderer closed the socket
[2021-09-02 09:40:22.011] [exthost] [info] exiting with code 0
[2021-09-02 09:40:22.671] [exthost] [info] extension host started
[2021-09-02 09:40:22.671] [exthost] [info] Skipping acquiring lock for /home/arsonstan/.config/Code/User/workspaceStorage/b375ff3e17d34e68d59e55508f68ff17.
[2021-09-02 09:40:22.752] [exthost] [info] ExtensionService#_doActivateExtension vscode.microsoft-authentication {"startup":false,"extensionId":{"value":"vscode.microsoft-authentication","_lower":"vscode.microsoft-authentication"},"activationEvent":"onAuthenticationRequest:microsoft"}
[2021-09-02 09:40:22.753] [exthost] [info] ExtensionService#loadCommonJSModule file:///opt/visual-studio-code/resources/app/extensions/microsoft-authentication/dist/extension.js
[2021-09-02 09:40:22.761] [exthost] [info] ExtensionService#_doActivateExtension ms-python.python {"startup":false,"extensionId":{"value":"ms-python.vscode-pylance","_lower":"ms-python.vscode-pylance"},"activationEvent":"onLanguage:python"}
[2021-09-02 09:40:22.761] [exthost] [info] ExtensionService#loadCommonJSModule file:///home/arsonstan/.vscode/extensions/ms-python.python-2021.8.1159798656/out/client/extension
[2021-09-02 09:40:22.823] [exthost] [info] ExtensionService#_doActivateExtension ms-toolsai.jupyter {"startup":false,"extensionId":{"value":"ms-toolsai.jupyter","_lower":"ms-toolsai.jupyter"},"activationEvent":"onLanguage:python"}
[2021-09-02 09:40:22.823] [exthost] [info] ExtensionService#loadCommonJSModule file:///home/arsonstan/.vscode/extensions/ms-toolsai.jupyter-2021.8.1236758218/out/client/extension
[2021-09-02 09:40:23.026] [exthost] [info] ExtensionService#_doActivateExtension vscode.debug-auto-launch {"startup":true,"extensionId":{"value":"vscode.debug-auto-launch","_lower":"vscode.debug-auto-launch"},"activationEvent":"*"}
[2021-09-02 09:40:23.026] [exthost] [info] ExtensionService#loadCommonJSModule file:///opt/visual-studio-code/resources/app/extensions/debug-auto-launch/dist/extension
[2021-09-02 09:40:23.028] [exthost] [info] ExtensionService#_doActivateExtension vscode.git {"startup":true,"extensionId":{"value":"vscode.github","_lower":"vscode.github"},"activationEvent":"*"}
[2021-09-02 09:40:23.028] [exthost] [info] ExtensionService#loadCommonJSModule file:///opt/visual-studio-code/resources/app/extensions/git/dist/main
[2021-09-02 09:40:23.050] [exthost] [info] ExtensionService#_doActivateExtension asvetliakov.vscode-neovim {"startup":true,"extensionId":{"value":"asvetliakov.vscode-neovim","_lower":"asvetliakov.vscode-neovim"},"activationEvent":"*"}
[2021-09-02 09:40:23.050] [exthost] [info] ExtensionService#loadCommonJSModule file:///home/arsonstan/.vscode/extensions/asvetliakov.vscode-neovim-0.0.82/dist/extension.js
[2021-09-02 09:40:23.066] [exthost] [info] ExtensionService#_doActivateExtension GitHub.vscode-pull-request-github {"startup":true,"extensionId":{"value":"GitHub.vscode-pull-request-github","_lower":"github.vscode-pull-request-github"},"activationEvent":"*"}
[2021-09-02 09:40:23.066] [exthost] [info] ExtensionService#loadCommonJSModule file:///home/arsonstan/.vscode/extensions/github.vscode-pull-request-github-0.29.2/dist/extension
[2021-09-02 09:40:23.350] [exthost] [info] ExtensionService#_doActivateExtension vscode.github-authentication {"startup":false,"extensionId":{"value":"vscode.github-authentication","_lower":"vscode.github-authentication"},"activationEvent":"onAuthenticationRequest:github"}
[2021-09-02 09:40:23.350] [exthost] [info] ExtensionService#loadCommonJSModule file:///opt/visual-studio-code/resources/app/extensions/github-authentication/dist/extension.js
[2021-09-02 09:40:23.382] [exthost] [info] ExtensionService#_doActivateExtension ms-vscode.js-debug {"startup":false,"extensionId":{"value":"ms-vscode.js-debug","_lower":"ms-vscode.js-debug"},"activationEvent":"onCommand:extension.js-debug.clearAutoAttachVariables"}
[2021-09-02 09:40:23.382] [exthost] [info] ExtensionService#loadCommonJSModule file:///opt/visual-studio-code/resources/app/extensions/ms-vscode.js-debug/src/extension.js
[2021-09-02 09:40:23.459] [exthost] [info] ExtensionService#_doActivateExtension vscode.github {"startup":false,"extensionId":{"value":"vscode.github","_lower":"vscode.github"},"activationEvent":"*"}
[2021-09-02 09:40:23.459] [exthost] [info] ExtensionService#loadCommonJSModule file:///opt/visual-studio-code/resources/app/extensions/github/dist/extension.js
[2021-09-02 09:40:24.104] [exthost] [info] ExtensionService#_doActivateExtension ms-python.vscode-pylance {"startup":false,"extensionId":{"value":"ms-python.vscode-pylance","_lower":"ms-python.vscode-pylance"},"activationEvent":"onLanguage:python"}
[2021-09-02 09:40:24.104] [exthost] [info] ExtensionService#loadCommonJSModule file:///home/arsonstan/.vscode/extensions/ms-python.vscode-pylance-2021.9.0/dist/extension.bundle.js
[2021-09-02 09:40:24.967] [exthost] [info] eager extensions activated
[2021-09-02 09:40:24.968] [exthost] [info] ExtensionService#_doActivateExtension vscode.emmet {"startup":false,"extensionId":{"value":"vscode.emmet","_lower":"vscode.emmet"},"activationEvent":"onStartupFinished"}
[2021-09-02 09:40:24.968] [exthost] [info] ExtensionService#loadCommonJSModule file:///opt/visual-studio-code/resources/app/extensions/emmet/dist/node/emmetNodeMain
[2021-09-02 09:40:24.972] [exthost] [info] ExtensionService#_doActivateExtension vscode.merge-conflict {"startup":false,"extensionId":{"value":"vscode.merge-conflict","_lower":"vscode.merge-conflict"},"activationEvent":"onStartupFinished"}
[2021-09-02 09:40:24.972] [exthost] [info] ExtensionService#loadCommonJSModule file:///opt/visual-studio-code/resources/app/extensions/merge-conflict/dist/mergeConflictMain
[2021-09-02 09:41:04.342] [exthost] [info] extension host terminating: renderer closed the socket
[2021-09-02 09:41:05.379] [exthost] [info] exiting with code 0
