Validating found git in: git
Using git 2.33.0 from git
> git rev-parse --git-dir
Open repository: /home/arsonstan/Earthsr_python
> git status -z -u
> git symbolic-ref --short HEAD
> git for-each-ref --format=%(refname)%00%(upstream:short)%00%(objectname)%00%(upstream:track) refs/heads/master refs/remotes/master
> git for-each-ref --sort -committerdate --format %(refname) %(objectname) %(*objectname)
> git remote --verbose
> git config --local branch.master.github-pr-owner-number
> git config --get commit.template
Opening repository for path='/home/arsonstan/Earthsr' failed; ex=Failed to execute git {
  "exitCode": 128,
  "gitErrorCode": "NotAGitRepository",
  "gitCommand": "rev-parse",
  "stdout": "",
  "stderr": "fatal: not a git repository (or any of the parent directories): .git\n"
}
> git config --local branch.master.github-pr-owner-number
> git check-ignore -v -z --stdin
Opening repository for path='/home/arsonstan/Earthsr' failed; ex=Failed to execute git {
  "exitCode": 128,
  "gitErrorCode": "NotAGitRepository",
  "gitCommand": "rev-parse",
  "stdout": "",
  "stderr": "fatal: not a git repository (or any of the parent directories): .git\n"
}
